
> kimux@0.1.0 start
> react-scripts start

[baseline-browser-mapping] The data in this module is over two months old.  To ensure accurate Baseline data, please update: `npm i baseline-browser-mapping@latest -D`
(node:33364) [DEP0176] DeprecationWarning: fs.F_OK is deprecated, use fs.constants.F_OK instead
(Use `node --trace-deprecation ...` to show where the warning was created)
Browserslist: browsers data (caniuse-lite) is 7 months old. Please run:
  npx update-browserslist-db@latest
  Why you should do it regularly: https://github.com/browserslist/update-db#readme
(node:33364) [DEP_WEBPACK_DEV_SERVER_ON_AFTER_SETUP_MIDDLEWARE] DeprecationWarning: 'onAfterSetupMiddleware' option is deprecated. Please use the 'setupMiddlewares' option.
(node:33364) [DEP_WEBPACK_DEV_SERVER_ON_BEFORE_SETUP_MIDDLEWARE] DeprecationWarning: 'onBeforeSetupMiddleware' option is deprecated. Please use the 'setupMiddlewares' option.
Starting the development server...

Compiled with warnings.

[eslint] 
src\App.js
  Line 10:8:  'ChatWidget' is defined but never used  no-unused-vars

src\components\Footer.js
  Line 130:9:  'theme' is assigned a value but never used  no-unused-vars

src\components\Header.js
  Line 161:23:  'toggleTheme' is assigned a value but never used  no-unused-vars

src\components\LandingPage.js
  Line 7:8:      'backgroundDesign' is defined but never used                      no-unused-vars
  Line 9:8:      'onlineBoutiqueImage' is defined but never used                   no-unused-vars
  Line 295:7:    'SectionSubtitle' is assigned a value but never used              no-unused-vars
  Line 618:7:    'FeaturesGrid' is assigned a value but never used                 no-unused-vars
  Line 683:7:    'FeatureIcon' is assigned a value but never used                  no-unused-vars
  Line 821:7:    'SectorIcon' is assigned a value but never used                   no-unused-vars
  Line 944:7:    'GrowthTeamDescriptionSpaced' is assigned a value but never used  no-unused-vars
  Line 1055:7:   'GrowthTeamCardCentered' is assigned a value but never used       no-unused-vars
  Line 1061:7:   'GrowthTeamCardCenteredRight' is assigned a value but never used  no-unused-vars
  Line 1395:7:   'StartGrowingMicrocopy' is assigned a value but never used        no-unused-vars
  Line 1890:10:  'showVideo' is assigned a value but never used                    no-unused-vars
  Line 1890:21:  'setShowVideo' is assigned a value but never used                 no-unused-vars

src\pages\AIDashboardPage.js
  Line 1:17:  'useState' is defined but never used  no-unused-vars

src\pages\AboutPage.js
  Line 228:7:  'List' is assigned a value but never used  no-unused-vars

src\pages\AffiliateHubPage.js
  Line 1:17:  'useState' is defined but never used  no-unused-vars

src\pages\B2BBrokeragePage.js
  Line 1:17:  'useState' is defined but never used  no-unused-vars

src\pages\BlockchainPage.js
  Line 1:17:  'useState' is defined but never used  no-unused-vars

src\pages\CRMPage.js
  Line 1:17:  'useState' is defined but never used  no-unused-vars

src\pages\CommerceIntelligencePage.js
  Line 1:17:  'useState' is defined but never used  no-unused-vars

src\pages\Dashboard.js
  Line 1:17:  'useState' is defined but never used  no-unused-vars
  Line 3:10:  'useTheme' is defined but never used  no-unused-vars

src\pages\DeveloperPage.js
  Line 1:17:  'useState' is defined but never used  no-unused-vars

src\pages\FintechPage.js
  Line 1:17:  'useState' is defined but never used  no-unused-vars

src\pages\LoginPage.js
  Line 4:10:  'useTheme' is defined but never used  no-unused-vars

src\pages\MonetizationPage.js
  Line 1:17:  'useState' is defined but never used  no-unused-vars

src\pages\SignupPage.js
  Line 4:10:  'useTheme' is defined but never used  no-unused-vars

src\pages\USBHPage.js
  Line 1:17:  'useState' is defined but never used  no-unused-vars

src\pages\crm\CRMLeads.js
  Line 1:31:  'useCallback' is defined but never used  no-unused-vars

src\pages\crm\CRMStrategy.js
  Line 2:29:  'css' is defined but never used  no-unused-vars

src\pages\eCommercePage.js
  Line 1:17:  'useState' is defined but never used  no-unused-vars

src\styles\GlobalStyles.js
  Line 1:8:  'styled' is defined but never used  no-unused-vars

Search for the keywords to learn more about each warning.
To ignore, add // eslint-disable-next-line to the line before.

[1m[33mWARNING[39m[22m in [1m[eslint] 
src\App.js
  Line 10:8:  'ChatWidget' is defined but never used  no-unused-vars

src\components\Footer.js
  Line 130:9:  'theme' is assigned a value but never used  no-unused-vars

src\components\Header.js
  Line 161:23:  'toggleTheme' is assigned a value but never used  no-unused-vars

src\components\LandingPage.js
  Line 7:8:      'backgroundDesign' is defined but never used                      no-unused-vars
  Line 9:8:      'onlineBoutiqueImage' is defined but never used                   no-unused-vars
  Line 295:7:    'SectionSubtitle' is assigned a value but never used              no-unused-vars
  Line 618:7:    'FeaturesGrid' is assigned a value but never used                 no-unused-vars
  Line 683:7:    'FeatureIcon' is assigned a value but never used                  no-unused-vars
  Line 821:7:    'SectorIcon' is assigned a value but never used                   no-unused-vars
  Line 944:7:    'GrowthTeamDescriptionSpaced' is assigned a value but never used  no-unused-vars
  Line 1055:7:   'GrowthTeamCardCentered' is assigned a value but never used       no-unused-vars
  Line 1061:7:   'GrowthTeamCardCenteredRight' is assigned a value but never used  no-unused-vars
  Line 1395:7:   'StartGrowingMicrocopy' is assigned a value but never used        no-unused-vars
  Line 1890:10:  'showVideo' is assigned a value but never used                    no-unused-vars
  Line 1890:21:  'setShowVideo' is assigned a value but never used                 no-unused-vars

src\pages\AIDashboardPage.js
  Line 1:17:  'useState' is defined but never used  no-unused-vars

src\pages\AboutPage.js
  Line 228:7:  'List' is assigned a value but never used  no-unused-vars

src\pages\AffiliateHubPage.js
  Line 1:17:  'useState' is defined but never used  no-unused-vars

src\pages\B2BBrokeragePage.js
  Line 1:17:  'useState' is defined but never used  no-unused-vars

src\pages\BlockchainPage.js
  Line 1:17:  'useState' is defined but never used  no-unused-vars

src\pages\CRMPage.js
  Line 1:17:  'useState' is defined but never used  no-unused-vars

src\pages\CommerceIntelligencePage.js
  Line 1:17:  'useState' is defined but never used  no-unused-vars

src\pages\Dashboard.js
  Line 1:17:  'useState' is defined but never used  no-unused-vars
  Line 3:10:  'useTheme' is defined but never used  no-unused-vars

src\pages\DeveloperPage.js
  Line 1:17:  'useState' is defined but never used  no-unused-vars

src\pages\FintechPage.js
  Line 1:17:  'useState' is defined but never used  no-unused-vars

src\pages\LoginPage.js
  Line 4:10:  'useTheme' is defined but never used  no-unused-vars

src\pages\MonetizationPage.js
  Line 1:17:  'useState' is defined but never used  no-unused-vars

src\pages\SignupPage.js
  Line 4:10:  'useTheme' is defined but never used  no-unused-vars

src\pages\USBHPage.js
  Line 1:17:  'useState' is defined but never used  no-unused-vars

src\pages\crm\CRMLeads.js
  Line 1:31:  'useCallback' is defined but never used  no-unused-vars

src\pages\crm\CRMStrategy.js
  Line 2:29:  'css' is defined but never used  no-unused-vars

src\pages\eCommercePage.js
  Line 1:17:  'useState' is defined but never used  no-unused-vars

src\styles\GlobalStyles.js
  Line 1:8:  'styled' is defined but never used  no-unused-vars

[39m[22m

webpack compiled with [1m[33m1 warning[39m[22m
