
> kimux-blockchain-integration@1.0.0 node
> hardhat node

[32mStarted HTTP and WebSocket JSON-RPC server at http://127.0.0.1:8545/[39m

Accounts
========

[1mWARNING: These accounts, and their private keys, are publicly known.[22m
[1mAny funds sent to them on Mainnet or any other live network WILL BE LOST.[22m

Account #0: 0xf39Fd6e51aad88F6F4ce6aB8827279cffFb92266 (10000 ETH)
Private Key: 0xac0974bec39a17e36ba4a6b4d238ff944bacb478cbed5efcae784d7bf4f2ff80

Account #1: 0x70997970C51812dc3A010C7d01b50e0d17dc79C8 (10000 ETH)
Private Key: 0x59c6995e998f97a5a0044966f0945389dc9e86dae88c7a8412f4603b6b78690d

Account #2: 0x3C44CdDdB6a900fa2b585dd299e03d12FA4293BC (10000 ETH)
Private Key: 0x5de4111afa1a4b94908f83103eb1f1706367c2e68ca870fc3fb9a804cdab365a

Account #3: 0x90F79bf6EB2c4f870365E785982E1f101E93b906 (10000 ETH)
Private Key: 0x7c852118294e51e653712a81e05800f419141751be58f605c371e15141b007a6

Account #4: 0x15d34AAf54267DB7D7c367839AAf71A00a2C6A65 (10000 ETH)
Private Key: 0x47e179ec197488593b187f80a00eb0da91f1b9d0b13f8733639f19c30a34926a

Account #5: 0x9965507D1a55bcC2695C58ba16FB37d819B0A4dc (10000 ETH)
Private Key: 0x8b3a350cf5c34c9194ca85829a2df0ec3153be0318b5e2d3348e872092edffba

Account #6: 0x976EA74026E726554dB657fA54763abd0C3a0aa9 (10000 ETH)
Private Key: 0x92db14e403b83dfe3df233f83dfa3a0d7096f21ca9b0d6d6b8d88b2b4ec1564e

Account #7: 0x14dC79964da2C08b23698B3D3cc7Ca32193d9955 (10000 ETH)
Private Key: 0x4bbbf85ce3377467afe5d46f804f221813b2bb87f24d81f60f1fcdbf7cbf4356

Account #8: 0x23618e81E3f5cdF7f54C3d65f7FBc0aBf5B21E8f (10000 ETH)
Private Key: 0xdbda1821b80551c9d65939329250298aa3472ba22feea921c0cf5d620ea67b97

Account #9: 0xa0Ee7A142d267C1f36714E4a8F75612F20a79720 (10000 ETH)
Private Key: 0x2a871d0798f97d79848a013d4936a73bf4cc922c825d33c1cf7073dff6d409c6

Account #10: 0xBcd4042DE499D14e55001CcbB24a551F3b954096 (10000 ETH)
Private Key: 0xf214f2b2cd398c806f84e317254e0f0b801d0643303237d97a22a48e01628897

Account #11: 0x71bE63f3384f5fb98995898A86B02Fb2426c5788 (10000 ETH)
Private Key: 0x701b615bbdfb9de65240bc28bd21bbc0d996645a3dd57e7b12bc2bdf6f192c82

Account #12: 0xFABB0ac9d68B0B445fB7357272Ff202C5651694a (10000 ETH)
Private Key: 0xa267530f49f8280200edf313ee7af6b827f2a8bce2897751d06a843f644967b1

Account #13: 0x1CBd3b2770909D4e10f157cABC84C7264073C9Ec (10000 ETH)
Private Key: 0x47c99abed3324a2707c28affff1267e45918ec8c3f20b8aa892e8b065d2942dd

Account #14: 0xdF3e18d64BC6A983f673Ab319CCaE4f1a57C7097 (10000 ETH)
Private Key: 0xc526ee95bf44d8fc405a158bb884d9d1238d99f0612e9f33d006bb0789009aaa

Account #15: 0xcd3B766CCDd6AE721141F452C550Ca635964ce71 (10000 ETH)
Private Key: 0x8166f546bab6da521a8369cab06c5d2b9e46670292d85c875ee9ec20e84ffb61

Account #16: 0x2546BcD3c84621e976D8185a91A922aE77ECEc30 (10000 ETH)
Private Key: 0xea6c44ac03bff858b476bba40716402b03e41b8e97e276d1baec7c37d42484a0

Account #17: 0xbDA5747bFD65F08deb54cb465eB87D40e51B197E (10000 ETH)
Private Key: 0x689af8efa8c651a91ad287602527f3af2fe9f6501a7ac4b061667b5a93e037fd

Account #18: 0xdD2FD4581271e230360230F9337D5c0430Bf44C0 (10000 ETH)
Private Key: 0xde9be858da4a475276426320d5e9262ecfc3ba460bfac56360bfa6c4c28b4ee0

Account #19: 0x8626f6940E2eb28930eFb4CeF49B2d1F2C9C1199 (10000 ETH)
Private Key: 0xdf57089febbacf7ba0bc227dafbffa9fc08a93fdc68e1e42411a14efcf23656e

[1mWARNING: These accounts, and their private keys, are publicly known.[22m
[1mAny funds sent to them on Mainnet or any other live network WILL BE LOST.[22m

[32meth_chainId[0m
[32meth_accounts[0m
[32mhardhat_metadata[0m
[32mhardhat_metadata (2)[0m
[32mhardhat_metadata (3)[0m
[32mhardhat_metadata (4)[0m
[32mhardhat_metadata (5)[0m
[32mhardhat_metadata (6)[0m
[32mhardhat_metadata (7)[0m
[32mhardhat_metadata (8)[0m
[32mhardhat_metadata (9)[0m
[32mhardhat_metadata (10)[0m
[32mhardhat_metadata (11)[0m
[32mhardhat_metadata (12)[0m
[32mhardhat_metadata (13)[0m
[32mhardhat_metadata (14)[0m
[32mhardhat_metadata (15)[0m
[32mhardhat_metadata (16)[0m
[32mhardhat_metadata (17)[0m
[32mhardhat_metadata (18)[0m
[32mhardhat_metadata (19)[0m
[32mhardhat_metadata (20)[0m
[32meth_accounts[0m
[32mhardhat_metadata[0m
[32mhardhat_metadata (2)[0m
[32mhardhat_metadata (3)[0m
[32mhardhat_metadata (4)[0m
[32mhardhat_metadata (5)[0m
[32mhardhat_metadata (6)[0m
[32mhardhat_metadata (7)[0m
[32mhardhat_metadata (8)[0m
[32mhardhat_metadata (9)[0m
[32mhardhat_metadata (10)[0m
[32mhardhat_metadata (11)[0m
[32mhardhat_metadata (12)[0m
[32mhardhat_metadata (13)[0m
[32mhardhat_metadata (14)[0m
[32mhardhat_metadata (15)[0m
[32mhardhat_metadata (16)[0m
[32mhardhat_metadata (17)[0m
[32mhardhat_metadata (18)[0m
[32mhardhat_metadata (19)[0m
[32mhardhat_metadata (20)[0m
[32meth_blockNumber[0m
[32meth_getBlockByNumber[0m
[32meth_feeHistory[0m
[32meth_maxPriorityFeePerGas[0m
[32meth_sendTransaction[0m
  Contract deployment: KimuXWallet
  Contract address:    0x5fbdb2315678afecb367f032d93f642f64180aa3
  Transaction:         0xe7d459298e3c032a014e2b91bb3071263ef32940e82604fe5faa98dd34718ef6
  From:                0xf39fd6e51aad88f6f4ce6ab8827279cfffb92266
  Value:               0 ETH
  Gas used:            2773917 of 16777216
  Block #1:            0xa302581652037634687f216c396108873f81c08ab4248b8f8b428aaaf0afb809

[32meth_getTransactionByHash[0m
[32meth_getTransactionReceipt[0m
[32meth_accounts[0m
[32mhardhat_metadata[0m
[32mhardhat_metadata (2)[0m
[32mhardhat_metadata (3)[0m
[32mhardhat_metadata (4)[0m
[32mhardhat_metadata (5)[0m
[32mhardhat_metadata (6)[0m
[32mhardhat_metadata (7)[0m
[32mhardhat_metadata (8)[0m
[32mhardhat_metadata (9)[0m
[32mhardhat_metadata (10)[0m
[32mhardhat_metadata (11)[0m
[32mhardhat_metadata (12)[0m
[32mhardhat_metadata (13)[0m
[32mhardhat_metadata (14)[0m
[32mhardhat_metadata (15)[0m
[32mhardhat_metadata (16)[0m
[32mhardhat_metadata (17)[0m
[32mhardhat_metadata (18)[0m
[32mhardhat_metadata (19)[0m
[32mhardhat_metadata (20)[0m
[32meth_blockNumber[0m
[32meth_feeHistory[0m
[32meth_sendTransaction[0m
  Contract deployment: KimuXCommissionSystem
  Contract address:    0xe7f1725e7734ce288f8367e1bb143e90bb3f0512
  Transaction:         0xae11e57a5246e8f15132f8e0e0d3b70d9b96b1b006aa9e02c753b34f95a198e0
  From:                0xf39fd6e51aad88f6f4ce6ab8827279cfffb92266
  Value:               0 ETH
  Gas used:            2152644 of 16777216
  Block #2:            0x7b87978ad99b5ba8d033f8a8a3c304ca9e98e15f44063e4fe75d5dc4f714edd5

[32meth_getTransactionByHash[0m
[32meth_getTransactionReceipt[0m
[32meth_accounts[0m
[32mhardhat_metadata[0m
[32mhardhat_metadata (2)[0m
[32mhardhat_metadata (3)[0m
[32mhardhat_metadata (4)[0m
[32mhardhat_metadata (5)[0m
[32mhardhat_metadata (6)[0m
[32mhardhat_metadata (7)[0m
[32mhardhat_metadata (8)[0m
[32mhardhat_metadata (9)[0m
[32mhardhat_metadata (10)[0m
[32mhardhat_metadata (11)[0m
[32mhardhat_metadata (12)[0m
[32mhardhat_metadata (13)[0m
[32mhardhat_metadata (14)[0m
[32mhardhat_metadata (15)[0m
[32mhardhat_metadata (16)[0m
[32mhardhat_metadata (17)[0m
[32mhardhat_metadata (18)[0m
[32mhardhat_metadata (19)[0m
[32mhardhat_metadata (20)[0m
[32meth_blockNumber[0m
[32meth_feeHistory[0m
[32meth_sendTransaction[0m
  Contract deployment: PaymentEscrow
  Contract address:    0x9fe46736679d2d9a65f0992f2272de9f3c7fa6e0
  Transaction:         0xe64fe142844ea28ce099bc8f759e35ec606f709b3df29da43363822ddfb98b1f
  From:                0xf39fd6e51aad88f6f4ce6ab8827279cfffb92266
  Value:               0 ETH
  Gas used:            2263966 of 16777216
  Block #3:            0xc416529f6ae8a08ff35e556bb59a679ed99b6b77850925fe9c715ffc4c187c26

[32meth_getTransactionByHash[0m
[32meth_getTransactionReceipt[0m
[32meth_chainId[0m
[32mweb3_clientVersion[0m
[32meth_chainId[0m
[32meth_getCode[0m
[32meth_getCode (2)[0m
[32meth_getCode (3)[0m
[32meth_blockNumber[0m
[32meth_gasPrice[0m
[32meth_getBalance[0m
[32meth_chainId[0m
[32meth_blockNumber[0m
[32meth_gasPrice[0m
[32meth_getBalance[0m
[32meth_chainId[0m
[32meth_blockNumber[0m
[32meth_gasPrice[0m
[32meth_getBalance[0m
[32meth_chainId[0m
[32meth_getBalance[0m
[32meth_getTransactionCount[0m
[32meth_gasPrice[0m
[32meth_chainId[0m
[32meth_chainId (2)[0m
[32meth_estimateGas[0m
[32meth_chainId[0m
[32meth_chainId (2)[0m
[32meth_estimateGas[0m
[32meth_chainId[0m
[32meth_sendRawTransaction[0m
  Contract call:       KimuXWallet#createWallet
  Transaction:         0xb0df492a76f73005bfca3ec3faef9cbfcd5e4ac4c8f47804908513fa4cec222d
  From:                0xf39fd6e51aad88f6f4ce6ab8827279cfffb92266
  To:                  0x5fbdb2315678afecb367f032d93f642f64180aa3
  Value:               0 ETH
  Gas used:            180216 of 217000
  Block #4:            0xa6de5c17d1a51261bec2d08706cc38ab4a12da7d0e5b9a30c862c9fcfab67326

[32meth_getBalance[0m
[32meth_getTransactionCount[0m
[32meth_gasPrice[0m
[32meth_chainId[0m
[32meth_chainId (2)[0m
[32meth_estimateGas[0m
[32meth_chainId[0m
[32meth_chainId (2)[0m
[32meth_estimateGas[0m
[32meth_chainId[0m
[32meth_sendRawTransaction[0m
  Contract call:       KimuXWallet#createWalletFor
  Transaction:         0x18327e83be4f6074b37296bc773ef4d3fae5f9a752a59b7ead9b63e30fe04643
  From:                0xf39fd6e51aad88f6f4ce6ab8827279cfffb92266
  To:                  0x5fbdb2315678afecb367f032d93f642f64180aa3
  Value:               0 ETH
  Gas used:            148772 of 179000
  Block #5:            0x230150c2ffaa84e3f0f8156fa9cf0029feba6fd070e0517e0dc800ca80a12053

[32meth_getBalance[0m
[32meth_getTransactionCount[0m
[32meth_gasPrice[0m
[32meth_chainId[0m
[32meth_chainId (2)[0m
[32meth_estimateGas[0m
[32meth_chainId[0m
[32meth_chainId (2)[0m
[32meth_estimateGas[0m
[32meth_chainId[0m
[32meth_sendRawTransaction[0m
  Contract call:       KimuXWallet#depositETH
  Transaction:         0x362535455a6c628c9fa9e2810a496ff32b9c72a4e5ba2eb17abbf10289f8593d
  From:                0xf39fd6e51aad88f6f4ce6ab8827279cfffb92266
  To:                  0x5fbdb2315678afecb367f032d93f642f64180aa3
  Value:               0.5 ETH
  Gas used:            71919 of 87000
  Block #6:            0x3a5956a4716ae8ec70d582b6d573f9cfc8a02e4bcfc3c171ae208459a10b9800

[32meth_getBalance[0m
[32meth_getTransactionCount[0m
[32meth_gasPrice[0m
[32meth_chainId[0m
[32meth_chainId (2)[0m
[32meth_estimateGas[0m
[32meth_chainId[0m
[32meth_chainId (2)[0m
[32meth_estimateGas[0m
[32meth_chainId[0m
[32meth_sendRawTransaction[0m
  Contract call:       KimuXWallet#creditETH
  Transaction:         0xb07400cb63b3e23213662d73d614640c7ae4b1dd117cda4d2ecf63e16cadda8f
  From:                0xf39fd6e51aad88f6f4ce6ab8827279cfffb92266
  To:                  0x5fbdb2315678afecb367f032d93f642f64180aa3
  Value:               0.2 ETH
  Gas used:            74906 of 90000
  Block #7:            0xab7cc0752ed82b97b6dad9b0c41f5be0b80ffb9f5e2d5bf97bfd7916cc50a681

[32meth_getBalance[0m
[32meth_getTransactionCount[0m
[32meth_gasPrice[0m
[32meth_chainId[0m
[32meth_chainId (2)[0m
[32meth_estimateGas[0m
[32meth_chainId[0m
[32meth_chainId (2)[0m
[32meth_estimateGas[0m
[32meth_chainId[0m
[32meth_sendRawTransaction[0m
  Contract call:       KimuXCommissionSystem#registerAffiliate
  Transaction:         0x52b973ca1caa9314d0dcf61dda783928366c070c269bd983d31d6768de77b069
  From:                0xf39fd6e51aad88f6f4ce6ab8827279cfffb92266
  To:                  0xe7f1725e7734ce288f8367e1bb143e90bb3f0512
  Value:               0 ETH
  Gas used:            47867 of 58000
  Block #8:            0xee7ae3e82cd8c486916c5e1632233b819ed68935f58f9c41de98bc97f841a8d4

[32meth_getBalance[0m
[32meth_getTransactionCount[0m
[32meth_gasPrice[0m
[32meth_chainId[0m
[32meth_chainId (2)[0m
[32meth_estimateGas[0m
[32meth_chainId[0m
[32meth_chainId (2)[0m
[32meth_estimateGas[0m
[32meth_chainId[0m
[32meth_sendRawTransaction[0m
  Contract call:       KimuXCommissionSystem#recordCommission
  Transaction:         0x515136c9dd497795975e01eecb194fc039928dcdd71501fd32a0c3462c2b2af3
  From:                0xf39fd6e51aad88f6f4ce6ab8827279cfffb92266
  To:                  0xe7f1725e7734ce288f8367e1bb143e90bb3f0512
  Value:               0.1 ETH
  Gas used:            171466 of 206000
  Block #9:            0xd6bced6d55acec87e9e50cc53296e03a03b4904217ba778afe7548d03eb08dc3

[32meth_getBalance[0m
[32meth_getTransactionCount[0m
[32meth_gasPrice[0m
[32meth_chainId[0m
[32meth_chainId (2)[0m
[32meth_estimateGas[0m
[32meth_chainId[0m
[32meth_chainId (2)[0m
[32meth_estimateGas[0m
[32meth_chainId[0m
[32meth_sendRawTransaction[0m
  Contract call:       KimuXCommissionSystem#approveCommission
  Transaction:         0xd8c264ac665251b2be430e771e6bc912c5bd8237377d521672c6861678ababa4
  From:                0xf39fd6e51aad88f6f4ce6ab8827279cfffb92266
  To:                  0xe7f1725e7734ce288f8367e1bb143e90bb3f0512
  Value:               0 ETH
  Gas used:            74963 of 90000
  Block #10:           0x1594bf8d8604e1b527f98cdca7c6baccfb320efbdfc6d136048aa7fc6ec39226

[32meth_chainId[0m
[32meth_accounts[0m
[32meth_call[0m
  Contract call:       KimuXCommissionSystem#getBalance
  From:                0xf39fd6e51aad88f6f4ce6ab8827279cfffb92266
  To:                  0xe7f1725e7734ce288f8367e1bb143e90bb3f0512

[32meth_chainId[0m
[32meth_chainId (2)[0m
[32meth_call[0m
  Contract call:       KimuXWallet#getWalletDetails
  From:                0xf39fd6e51aad88f6f4ce6ab8827279cfffb92266
  To:                  0x5fbdb2315678afecb367f032d93f642f64180aa3

[32meth_chainId[0m
[32meth_getBalance[0m
[32meth_getTransactionCount[0m
[32meth_gasPrice[0m
[32meth_chainId[0m
[32meth_chainId (2)[0m
[32meth_estimateGas[0m
[32meth_chainId[0m
[32meth_chainId (2)[0m
[32meth_estimateGas[0m
[32meth_chainId[0m
[32meth_sendRawTransaction[0m
  Contract call:       PaymentEscrow#createEscrow
  Transaction:         0x6d4b8384eefde8497a626759f06a0452c6ca58894f69329206f358a5356a945a
  From:                0xf39fd6e51aad88f6f4ce6ab8827279cfffb92266
  To:                  0x9fe46736679d2d9a65f0992f2272de9f3c7fa6e0
  Value:               0.3 ETH
  Gas used:            372205 of 447000
  Block #11:           0x77e6c4ae50f5a16b8d8a7e00202797cb5df9ff59998da5a7393b897eac2129d2

[32meth_getTransactionReceipt[0m
[32meth_blockNumber[0m
[32meth_getTransactionReceipt[0m
[32meth_blockNumber[0m
[32meth_getTransactionReceipt[0m
[32meth_blockNumber[0m
